1.12.2016
Gerðum Wiki page-ið
Prufuðum róbotana með fjarlægð á milli þeirra.
Löguðum víra á vélmenninu.
Bættum við comment-um í kóðann.

30.11.2016
Löguðum villur í kóðanum.
Prufu keyrðum robotana.
Skreyttum robot númer 2.

29.11.2016
Settum saman seinni robotinn.
Lóðuðum tengi fyrir raflhlöðu.
Löguðum og bættum kóðann.
Prufuðum að hafa báða robotana í gangi og sjá hvort þeir voru í sync-i.

24.11.2016
Skrifaði code fyrir bot 1 og 2.
Prófaði hvort mótorinn virkaði og hvort að robotarnir gætu talað saman.
Bætti við nokkrum festingum við robotinn.

23.11.2016
Gerði pseudocode-ið fyrir robotana.

22.11.2016
Kláraðum að seta saman base fyrir eitt af robotonum.
Settum saman og prófuðum motor með Arduino.
Gerði fyrstu gerð af flowchart yfir hvernig robotarnir eiga að virka.

17.11.2016
Styltum XBee-ana þannig að Arduino-arnir geta talað saman.
Byrjuðum að setja saman robot.

16.11.2016
Ég kynnti fyrir mér meira um Arduino og hvernig málið fyrir Arduino er notað.

15.11.2016
Ég og félagi minn ákveðum hvað við ætluðum að gera.
Ég kynnti mér meira um Arduino UNO og Wireless Proto Shield og XBee PRO S1.
Prufuðum að compile-a blink kóða til að fá feeling fyrir Arduino.
